  Source.cpp
c:\users\hrishi\documents\visual studio 2015\projects\windows\native\aug\gl-premitive\nativetemplate\source.cpp(303): warning C4101: 'i': unreferenced local variable
c:\users\hrishi\documents\visual studio 2015\projects\windows\native\aug\gl-premitive\nativetemplate\source.cpp(334): warning C4305: 'argument': truncation from 'double' to 'GLfloat'
c:\users\hrishi\documents\visual studio 2015\projects\windows\native\aug\gl-premitive\nativetemplate\source.cpp(335): warning C4305: 'argument': truncation from 'double' to 'GLfloat'
c:\users\hrishi\documents\visual studio 2015\projects\windows\native\aug\gl-premitive\nativetemplate\source.cpp(336): warning C4305: 'argument': truncation from 'double' to 'GLfloat'
c:\users\hrishi\documents\visual studio 2015\projects\windows\native\aug\gl-premitive\nativetemplate\source.cpp(337): warning C4305: 'argument': truncation from 'double' to 'GLfloat'
c:\users\hrishi\documents\visual studio 2015\projects\windows\native\aug\gl-premitive\nativetemplate\source.cpp(341): warning C4305: 'argument': truncation from 'double' to 'GLfloat'
c:\users\hrishi\documents\visual studio 2015\projects\windows\native\aug\gl-premitive\nativetemplate\source.cpp(342): warning C4305: 'argument': truncation from 'double' to 'GLfloat'
c:\users\hrishi\documents\visual studio 2015\projects\windows\native\aug\gl-premitive\nativetemplate\source.cpp(343): warning C4305: 'argument': truncation from 'double' to 'GLfloat'
c:\users\hrishi\documents\visual studio 2015\projects\windows\native\aug\gl-premitive\nativetemplate\source.cpp(344): warning C4305: 'argument': truncation from 'double' to 'GLfloat'
c:\users\hrishi\documents\visual studio 2015\projects\windows\native\aug\gl-premitive\nativetemplate\source.cpp(346): warning C4305: 'argument': truncation from 'double' to 'GLfloat'
c:\users\hrishi\documents\visual studio 2015\projects\windows\native\aug\gl-premitive\nativetemplate\source.cpp(347): warning C4305: 'argument': truncation from 'double' to 'GLfloat'
c:\users\hrishi\documents\visual studio 2015\projects\windows\native\aug\gl-premitive\nativetemplate\source.cpp(348): warning C4305: 'argument': truncation from 'double' to 'GLfloat'
c:\users\hrishi\documents\visual studio 2015\projects\windows\native\aug\gl-premitive\nativetemplate\source.cpp(349): warning C4305: 'argument': truncation from 'double' to 'GLfloat'
c:\users\hrishi\documents\visual studio 2015\projects\windows\native\aug\gl-premitive\nativetemplate\source.cpp(351): warning C4305: 'argument': truncation from 'double' to 'GLfloat'
c:\users\hrishi\documents\visual studio 2015\projects\windows\native\aug\gl-premitive\nativetemplate\source.cpp(352): warning C4305: 'argument': truncation from 'double' to 'GLfloat'
c:\users\hrishi\documents\visual studio 2015\projects\windows\native\aug\gl-premitive\nativetemplate\source.cpp(353): warning C4305: 'argument': truncation from 'double' to 'GLfloat'
c:\users\hrishi\documents\visual studio 2015\projects\windows\native\aug\gl-premitive\nativetemplate\source.cpp(354): warning C4305: 'argument': truncation from 'double' to 'GLfloat'
c:\users\hrishi\documents\visual studio 2015\projects\windows\native\aug\gl-premitive\nativetemplate\source.cpp(358): warning C4305: 'argument': truncation from 'double' to 'GLfloat'
c:\users\hrishi\documents\visual studio 2015\projects\windows\native\aug\gl-premitive\nativetemplate\source.cpp(359): warning C4305: 'argument': truncation from 'double' to 'GLfloat'
c:\users\hrishi\documents\visual studio 2015\projects\windows\native\aug\gl-premitive\nativetemplate\source.cpp(360): warning C4305: 'argument': truncation from 'double' to 'GLfloat'
c:\users\hrishi\documents\visual studio 2015\projects\windows\native\aug\gl-premitive\nativetemplate\source.cpp(362): warning C4305: 'argument': truncation from 'double' to 'GLfloat'
c:\users\hrishi\documents\visual studio 2015\projects\windows\native\aug\gl-premitive\nativetemplate\source.cpp(363): warning C4305: 'argument': truncation from 'double' to 'GLfloat'
c:\users\hrishi\documents\visual studio 2015\projects\windows\native\aug\gl-premitive\nativetemplate\source.cpp(364): warning C4305: 'argument': truncation from 'double' to 'GLfloat'
c:\users\hrishi\documents\visual studio 2015\projects\windows\native\aug\gl-premitive\nativetemplate\source.cpp(365): warning C4305: 'argument': truncation from 'double' to 'GLfloat'
c:\users\hrishi\documents\visual studio 2015\projects\windows\native\aug\gl-premitive\nativetemplate\source.cpp(367): warning C4305: 'argument': truncation from 'double' to 'GLfloat'
c:\users\hrishi\documents\visual studio 2015\projects\windows\native\aug\gl-premitive\nativetemplate\source.cpp(368): warning C4305: 'argument': truncation from 'double' to 'GLfloat'
c:\users\hrishi\documents\visual studio 2015\projects\windows\native\aug\gl-premitive\nativetemplate\source.cpp(369): warning C4305: 'argument': truncation from 'double' to 'GLfloat'
c:\users\hrishi\documents\visual studio 2015\projects\windows\native\aug\gl-premitive\nativetemplate\source.cpp(371): warning C4305: 'argument': truncation from 'double' to 'GLfloat'
c:\users\hrishi\documents\visual studio 2015\projects\windows\native\aug\gl-premitive\nativetemplate\source.cpp(372): warning C4305: 'argument': truncation from 'double' to 'GLfloat'
c:\users\hrishi\documents\visual studio 2015\projects\windows\native\aug\gl-premitive\nativetemplate\source.cpp(373): warning C4305: 'argument': truncation from 'double' to 'GLfloat'
c:\users\hrishi\documents\visual studio 2015\projects\windows\native\aug\gl-premitive\nativetemplate\source.cpp(374): warning C4305: 'argument': truncation from 'double' to 'GLfloat'
c:\users\hrishi\documents\visual studio 2015\projects\windows\native\aug\gl-premitive\nativetemplate\source.cpp(378): warning C4305: 'argument': truncation from 'double' to 'GLfloat'
c:\users\hrishi\documents\visual studio 2015\projects\windows\native\aug\gl-premitive\nativetemplate\source.cpp(379): warning C4305: 'argument': truncation from 'double' to 'GLfloat'
c:\users\hrishi\documents\visual studio 2015\projects\windows\native\aug\gl-premitive\nativetemplate\source.cpp(380): warning C4305: 'argument': truncation from 'double' to 'GLfloat'
c:\users\hrishi\documents\visual studio 2015\projects\windows\native\aug\gl-premitive\nativetemplate\source.cpp(381): warning C4305: 'argument': truncation from 'double' to 'GLfloat'
c:\users\hrishi\documents\visual studio 2015\projects\windows\native\aug\gl-premitive\nativetemplate\source.cpp(385): warning C4305: 'argument': truncation from 'double' to 'GLfloat'
c:\users\hrishi\documents\visual studio 2015\projects\windows\native\aug\gl-premitive\nativetemplate\source.cpp(386): warning C4305: 'argument': truncation from 'double' to 'GLfloat'
c:\users\hrishi\documents\visual studio 2015\projects\windows\native\aug\gl-premitive\nativetemplate\source.cpp(387): warning C4305: 'argument': truncation from 'double' to 'GLfloat'
c:\users\hrishi\documents\visual studio 2015\projects\windows\native\aug\gl-premitive\nativetemplate\source.cpp(388): warning C4305: 'argument': truncation from 'double' to 'GLfloat'
c:\users\hrishi\documents\visual studio 2015\projects\windows\native\aug\gl-premitive\nativetemplate\source.cpp(392): warning C4305: 'argument': truncation from 'double' to 'GLfloat'
c:\users\hrishi\documents\visual studio 2015\projects\windows\native\aug\gl-premitive\nativetemplate\source.cpp(393): warning C4305: 'argument': truncation from 'double' to 'GLfloat'
c:\users\hrishi\documents\visual studio 2015\projects\windows\native\aug\gl-premitive\nativetemplate\source.cpp(394): warning C4305: 'argument': truncation from 'double' to 'GLfloat'
c:\users\hrishi\documents\visual studio 2015\projects\windows\native\aug\gl-premitive\nativetemplate\source.cpp(395): warning C4305: 'argument': truncation from 'double' to 'GLfloat'
c:\users\hrishi\documents\visual studio 2015\projects\windows\native\aug\gl-premitive\nativetemplate\source.cpp(397): warning C4305: 'argument': truncation from 'double' to 'GLfloat'
c:\users\hrishi\documents\visual studio 2015\projects\windows\native\aug\gl-premitive\nativetemplate\source.cpp(398): warning C4305: 'argument': truncation from 'double' to 'GLfloat'
c:\users\hrishi\documents\visual studio 2015\projects\windows\native\aug\gl-premitive\nativetemplate\source.cpp(399): warning C4305: 'argument': truncation from 'double' to 'GLfloat'
c:\users\hrishi\documents\visual studio 2015\projects\windows\native\aug\gl-premitive\nativetemplate\source.cpp(400): warning C4305: 'argument': truncation from 'double' to 'GLfloat'
c:\users\hrishi\documents\visual studio 2015\projects\windows\native\aug\gl-premitive\nativetemplate\source.cpp(402): warning C4305: 'argument': truncation from 'double' to 'GLfloat'
c:\users\hrishi\documents\visual studio 2015\projects\windows\native\aug\gl-premitive\nativetemplate\source.cpp(403): warning C4305: 'argument': truncation from 'double' to 'GLfloat'
c:\users\hrishi\documents\visual studio 2015\projects\windows\native\aug\gl-premitive\nativetemplate\source.cpp(404): warning C4305: 'argument': truncation from 'double' to 'GLfloat'
c:\users\hrishi\documents\visual studio 2015\projects\windows\native\aug\gl-premitive\nativetemplate\source.cpp(406): warning C4305: 'argument': truncation from 'double' to 'GLfloat'
c:\users\hrishi\documents\visual studio 2015\projects\windows\native\aug\gl-premitive\nativetemplate\source.cpp(407): warning C4305: 'argument': truncation from 'double' to 'GLfloat'
c:\users\hrishi\documents\visual studio 2015\projects\windows\native\aug\gl-premitive\nativetemplate\source.cpp(408): warning C4305: 'argument': truncation from 'double' to 'GLfloat'
c:\users\hrishi\documents\visual studio 2015\projects\windows\native\aug\gl-premitive\nativetemplate\source.cpp(409): warning C4305: 'argument': truncation from 'double' to 'GLfloat'
c:\users\hrishi\documents\visual studio 2015\projects\windows\native\aug\gl-premitive\nativetemplate\source.cpp(410): warning C4305: 'argument': truncation from 'double' to 'GLfloat'
  NativeTemplate.vcxproj -> C:\Users\hrishi\Documents\Visual Studio 2015\Projects\windows\native\aug\gl-premitive\x64\Debug\NativeTemplate.exe
  NativeTemplate.vcxproj -> C:\Users\hrishi\Documents\Visual Studio 2015\Projects\windows\native\aug\gl-premitive\x64\Debug\NativeTemplate.pdb (Full PDB)
