  Elements.cpp
Elements.cpp(11): warning C4305: 'initializing': truncation from 'double' to 'GLfloat'
Elements.cpp(26): warning C4244: 'argument': conversion from 'double' to 'GLfloat', possible loss of data
Elements.cpp(56): warning C4244: 'argument': conversion from 'double' to 'GLfloat', possible loss of data
Elements.cpp(65): warning C4244: 'argument': conversion from 'double' to 'GLfloat', possible loss of data
Elements.cpp(75): warning C4244: 'argument': conversion from 'double' to 'GLfloat', possible loss of data
Elements.cpp(84): warning C4244: 'argument': conversion from 'double' to 'GLfloat', possible loss of data
Elements.cpp(94): warning C4244: 'argument': conversion from 'double' to 'GLfloat', possible loss of data
Elements.cpp(103): warning C4244: 'argument': conversion from 'double' to 'GLfloat', possible loss of data
Elements.cpp(113): warning C4305: 'argument': truncation from 'double' to 'GLfloat'
Elements.cpp(122): warning C4244: 'argument': conversion from 'double' to 'GLfloat', possible loss of data
Elements.cpp(131): warning C4244: 'argument': conversion from 'double' to 'GLfloat', possible loss of data
Elements.cpp(141): warning C4244: 'argument': conversion from 'double' to 'GLfloat', possible loss of data
Elements.cpp(150): warning C4244: 'argument': conversion from 'double' to 'GLfloat', possible loss of data
Elements.cpp(160): warning C4244: 'argument': conversion from 'double' to 'GLfloat', possible loss of data
Elements.cpp(169): warning C4244: 'argument': conversion from 'double' to 'GLfloat', possible loss of data
Elements.cpp(189): warning C4244: 'argument': conversion from 'double' to 'GLfloat', possible loss of data
Elements.cpp(200): warning C4244: 'argument': conversion from 'double' to 'GLfloat', possible loss of data
Elements.cpp(212): warning C4244: 'argument': conversion from 'double' to 'GLfloat', possible loss of data
  Generating code
  1 of 9 functions (11.1%) were compiled, the rest were copied from previous compilation.
    0 functions were new in current compilation
    1 functions had inline decision re-evaluated but remain unchanged
  Finished generating code
  Elements.vcxproj -> E:\RTR\demos\Elements\Release\Elements.exe
  Elements.vcxproj -> E:\RTR\demos\Elements\Release\Elements.pdb (Full PDB)
