  Source.cpp
c:\users\hrishi\documents\visual studio 2015\projects\windows\glut\july\set3 assignment10-deathly-holow\assignment\source.cpp(117): warning C4244: '=': conversion from 'double' to 'GLfloat', possible loss of data
c:\users\hrishi\documents\visual studio 2015\projects\windows\glut\july\set3 assignment10-deathly-holow\assignment\source.cpp(118): warning C4244: 'argument': conversion from 'double' to 'GLfloat', possible loss of data
Source.obj : error LNK2019: unresolved external symbol __imp_glutInitWindowPosition referenced in function main
Source.obj : error LNK2019: unresolved external symbol __imp_glutInitWindowSize referenced in function main
Source.obj : error LNK2019: unresolved external symbol __imp_glutInitDisplayMode referenced in function main
Source.obj : error LNK2019: unresolved external symbol __imp_glutMainLoop referenced in function main
Source.obj : error LNK2019: unresolved external symbol __imp_glutFullScreen referenced in function "void __cdecl keyboard(unsigned char,int,int)" (?keyboard@@YAXEHH@Z)
Source.obj : error LNK2019: unresolved external symbol __imp_glutKeyboardFunc referenced in function main
Source.obj : error LNK2019: unresolved external symbol __imp_glutReshapeFunc referenced in function main
Source.obj : error LNK2019: unresolved external symbol __imp_glutDisplayFunc referenced in function main
Source.obj : error LNK2019: unresolved external symbol __imp_glutMouseFunc referenced in function main
Source.obj : error LNK2019: unresolved external symbol __imp___glutInitWithExit referenced in function glutInit_ATEXIT_HACK
Source.obj : error LNK2019: unresolved external symbol __imp___glutCreateWindowWithExit referenced in function glutCreateWindow_ATEXIT_HACK
Source.obj : error LNK2019: unresolved external symbol __imp_glutLeaveMainLoop referenced in function "void __cdecl keyboard(unsigned char,int,int)" (?keyboard@@YAXEHH@Z)
Source.obj : error LNK2019: unresolved external symbol __imp_glutLeaveFullScreen referenced in function "void __cdecl keyboard(unsigned char,int,int)" (?keyboard@@YAXEHH@Z)
Source.obj : error LNK2019: unresolved external symbol __imp_glutCloseFunc referenced in function main
MSVCRTD.lib(exe_winmain.obj) : error LNK2019: unresolved external symbol WinMain referenced in function "int __cdecl invoke_main(void)" (?invoke_main@@YAHXZ)
c:\freeglut\lib\freeglut.lib : warning LNK4272: library machine type 'X86' conflicts with target machine type 'x64'
C:\Users\hrishi\Documents\Visual Studio 2015\Projects\windows\GLUT\july\SET3 Assignment10-deathly-holow\x64\Debug\Assignment.exe : fatal error LNK1120: 15 unresolved externals
